# JRE version: OpenJDK Runtime Environment (8.0_232-b09) (build 1.8.0_232-b09)
# Java VM: OpenJDK Client VM (25.232-b09 mixed mode windows-x86 )
Heap:
 def new generation   total 4992K, used 2785K [0x04200000, 0x04760000, 0x09750000)
  eden space 4480K,  50% used [0x04200000, 0x044387b0, 0x04660000)
  from space 512K,  99% used [0x04660000, 0x046dff08, 0x046e0000)
  to   space 512K,   0% used [0x046e0000, 0x046e0000, 0x04760000)
 tenured generation   total 10944K, used 8908K [0x09750000, 0x0a200000, 0x14200000)
   the space 10944K,  81% used [0x09750000, 0x0a0032e8, 0x0a003400, 0x0a200000)
 Metaspace       used 18644K, capacity 19330K, committed 19456K, reserved 19840K
GC Heap History (10 events):
Event: 3.315 GC heap before
{Heap before GC invocations=64 (full 1):
 def new generation   total 4992K, used 4954K [0x04200000, 0x04760000, 0x09750000)
  eden space 4480K, 100% used [0x04200000, 0x04660000, 0x04660000)
  from space 512K,  92% used [0x046e0000, 0x04756848, 0x04760000)
  to   space 512K,   0% used [0x04660000, 0x04660000, 0x046e0000)
 tenured generation   total 10944K, used 8525K [0x09750000, 0x0a200000, 0x14200000)
   the space 10944K,  77% used [0x09750000, 0x09fa3578, 0x09fa3600, 0x0a200000)
 Metaspace       used 17367K, capacity 18064K, committed 18176K, reserved 18816K
Event: 3.317 GC heap after
Heap after GC invocations=65 (full 1):
 def new generation   total 4992K, used 346K [0x04200000, 0x04760000, 0x09750000)
  eden space 4480K,   0% used [0x04200000, 0x04200000, 0x04660000)
  from space 512K,  67% used [0x04660000, 0x046b6bc8, 0x046e0000)
  to   space 512K,   0% used [0x046e0000, 0x046e0000, 0x04760000)
 tenured generation   total 10944K, used 8638K [0x09750000, 0x0a200000, 0x14200000)
   the space 10944K,  78% used [0x09750000, 0x09fbf800, 0x09fbf800, 0x0a200000)
 Metaspace       used 17367K, capacity 18064K, committed 18176K, reserved 18816K
}
Event: 3.353 GC heap before
{Heap before GC invocations=65 (full 1):
 def new generation   total 4992K, used 4826K [0x04200000, 0x04760000, 0x09750000)
  eden space 4480K, 100% used [0x04200000, 0x04660000, 0x04660000)
  from space 512K,  67% used [0x04660000, 0x046b6bc8, 0x046e0000)
  to   space 512K,   0% used [0x046e0000, 0x046e0000, 0x04760000)
 tenured generation   total 10944K, used 8638K [0x09750000, 0x0a200000, 0x14200000)
   the space 10944K,  78% used [0x09750000, 0x09fbf800, 0x09fbf800, 0x0a200000)
 Metaspace       used 17606K, capacity 18320K, committed 18432K, reserved 18816K
Event: 3.355 GC heap after
Heap after GC invocations=66 (full 1):
 def new generation   total 4992K, used 445K [0x04200000, 0x04760000, 0x09750000)
  eden space 4480K,   0% used [0x04200000, 0x04200000, 0x04660000)
  from space 512K,  87% used [0x046e0000, 0x0474f6d8, 0x04760000)
  to   space 512K,   0% used [0x04660000, 0x04660000, 0x046e0000)
 tenured generation   total 10944K, used 8690K [0x09750000, 0x0a200000, 0x14200000)
   the space 10944K,  79% used [0x09750000, 0x09fcc820, 0x09fcca00, 0x0a200000)
 Metaspace       used 17606K, capacity 18320K, committed 18432K, reserved 18816K
}
Event: 3.404 GC heap before
{Heap before GC invocations=66 (full 1):
 def new generation   total 4992K, used 4925K [0x04200000, 0x04760000, 0x09750000)
  eden space 4480K, 100% used [0x04200000, 0x04660000, 0x04660000)
  from space 512K,  87% used [0x046e0000, 0x0474f6d8, 0x04760000)
  to   space 512K,   0% used [0x04660000, 0x04660000, 0x046e0000)
 tenured generation   total 10944K, used 8690K [0x09750000, 0x0a200000, 0x14200000)
   the space 10944K,  79% used [0x09750000, 0x09fcc820, 0x09fcca00, 0x0a200000)
 Metaspace       used 17891K, capacity 18608K, committed 18688K, reserved 18816K
Event: 3.406 GC heap after
Heap after GC invocations=67 (full 1):
 def new generation   total 4992K, used 495K [0x04200000, 0x04760000, 0x09750000)
  eden space 4480K,   0% used [0x04200000, 0x04200000, 0x04660000)
  from space 512K,  96% used [0x04660000, 0x046dbe78, 0x046e0000)
  to   space 512K,   0% used [0x046e0000, 0x046e0000, 0x04760000)
 tenured generation   total 10944K, used 8730K [0x09750000, 0x0a200000, 0x14200000)
   the space 10944K,  79% used [0x09750000, 0x09fd69f0, 0x09fd6a00, 0x0a200000)
 Metaspace       used 17891K, capacity 18608K, committed 18688K, reserved 18816K
}
Event: 3.457 GC heap before
{Heap before GC invocations=67 (full 1):
 def new generation   total 4992K, used 4975K [0x04200000, 0x04760000, 0x09750000)
  eden space 4480K, 100% used [0x04200000, 0x04660000, 0x04660000)
  from space 512K,  96% used [0x04660000, 0x046dbe78, 0x046e0000)
  to   space 512K,   0% used [0x046e0000, 0x046e0000, 0x04760000)
 tenured generation   total 10944K, used 8730K [0x09750000, 0x0a200000, 0x14200000)
   the space 10944K,  79% used [0x09750000, 0x09fd69f0, 0x09fd6a00, 0x0a200000)
 Metaspace       used 18159K, capacity 18882K, committed 19072K, reserved 19840K
Event: 3.458 GC heap after
Heap after GC invocations=68 (full 1):
 def new generation   total 4992K, used 509K [0x04200000, 0x04760000, 0x09750000)
  eden space 4480K,   0% used [0x04200000, 0x04200000, 0x04660000)
  from space 512K,  99% used [0x046e0000, 0x0475f6e0, 0x04760000)
  to   space 512K,   0% used [0x04660000, 0x04660000, 0x046e0000)
 tenured generation   total 10944K, used 8789K [0x09750000, 0x0a200000, 0x14200000)
   the space 10944K,  80% used [0x09750000, 0x09fe56f0, 0x09fe5800, 0x0a200000)
 Metaspace       used 18159K, capacity 18882K, committed 19072K, reserved 19840K
}
Event: 3.513 GC heap before
{Heap before GC invocations=68 (full 1):
 def new generation   total 4992K, used 4989K [0x04200000, 0x04760000, 0x09750000)
  eden space 4480K, 100% used [0x04200000, 0x04660000, 0x04660000)
  from space 512K,  99% used [0x046e0000, 0x0475f6e0, 0x04760000)
  to   space 512K,   0% used [0x04660000, 0x04660000, 0x046e0000)
 tenured generation   total 10944K, used 8789K [0x09750000, 0x0a200000, 0x14200000)
   the space 10944K,  80% used [0x09750000, 0x09fe56f0, 0x09fe5800, 0x0a200000)
 Metaspace       used 18501K, capacity 19202K, committed 19328K, reserved 19840K
Event: 3.516 GC heap after
Heap after GC invocations=69 (full 1):
 def new generation   total 4992K, used 511K [0x04200000, 0x04760000, 0x09750000)
  eden space 4480K,   0% used [0x04200000, 0x04200000, 0x04660000)
  from space 512K,  99% used [0x04660000, 0x046dff08, 0x046e0000)
  to   space 512K,   0% used [0x046e0000, 0x046e0000, 0x04760000)
 tenured generation   total 10944K, used 8908K [0x09750000, 0x0a200000, 0x14200000)
   the space 10944K,  81% used [0x09750000, 0x0a0032e8, 0x0a003400, 0x0a200000)
 Metaspace       used 18501K, capacity 19202K, committed 19328K, reserved 19840K
}

