# JRE version: OpenJDK Runtime Environment (8.0_232-b09) (build 1.8.0_232-b09)
# Java VM: OpenJDK Client VM (25.232-b09 mixed mode windows-x86 )
Heap:
 def new generation   total 11968K, used 2038K [0x04200000, 0x04ef0000, 0x09750000)
  eden space 10688K,  12% used [0x04200000, 0x04340b18, 0x04c70000)
  from space 1280K,  59% used [0x04db0000, 0x04e6cd58, 0x04ef0000)
  to   space 1280K,   0% used [0x04c70000, 0x04c70000, 0x04db0000)
 tenured generation   total 26328K, used 23534K [0x09750000, 0x0b106000, 0x14200000)
   the space 26328K,  89% used [0x09750000, 0x0ae4b960, 0x0ae4ba00, 0x0b106000)
 Metaspace       used 32580K, capacity 34228K, committed 34304K, reserved 35200K
GC Heap History (10 events):
Event: 6.775 GC heap before
{Heap before GC invocations=127 (full 3):
 def new generation   total 11968K, used 11696K [0x04200000, 0x04ef0000, 0x09750000)
  eden space 10688K, 100% used [0x04200000, 0x04c70000, 0x04c70000)
  from space 1280K,  78% used [0x04c70000, 0x04d6c3b8, 0x04db0000)
  to   space 1280K,   0% used [0x04db0000, 0x04db0000, 0x04ef0000)
 tenured generation   total 26328K, used 21186K [0x09750000, 0x0b106000, 0x14200000)
   the space 26328K,  80% used [0x09750000, 0x0ac00a58, 0x0ac00c00, 0x0b106000)
 Metaspace       used 31807K, capacity 33389K, committed 33536K, reserved 34176K
Event: 6.780 GC heap after
Heap after GC invocations=128 (full 3):
 def new generation   total 11968K, used 657K [0x04200000, 0x04ef0000, 0x09750000)
  eden space 10688K,   0% used [0x04200000, 0x04200000, 0x04c70000)
  from space 1280K,  51% used [0x04db0000, 0x04e545a0, 0x04ef0000)
  to   space 1280K,   0% used [0x04c70000, 0x04c70000, 0x04db0000)
 tenured generation   total 26328K, used 21879K [0x09750000, 0x0b106000, 0x14200000)
   the space 26328K,  83% used [0x09750000, 0x0acadf88, 0x0acae000, 0x0b106000)
 Metaspace       used 31807K, capacity 33389K, committed 33536K, reserved 34176K
}
Event: 6.846 GC heap before
{Heap before GC invocations=128 (full 3):
 def new generation   total 11968K, used 11345K [0x04200000, 0x04ef0000, 0x09750000)
  eden space 10688K, 100% used [0x04200000, 0x04c70000, 0x04c70000)
  from space 1280K,  51% used [0x04db0000, 0x04e545a0, 0x04ef0000)
  to   space 1280K,   0% used [0x04c70000, 0x04c70000, 0x04db0000)
 tenured generation   total 26328K, used 21879K [0x09750000, 0x0b106000, 0x14200000)
   the space 26328K,  83% used [0x09750000, 0x0acadf88, 0x0acae000, 0x0b106000)
 Metaspace       used 31926K, capacity 33520K, committed 33536K, reserved 34176K
Event: 6.852 GC heap after
Heap after GC invocations=129 (full 3):
 def new generation   total 11968K, used 533K [0x04200000, 0x04ef0000, 0x09750000)
  eden space 10688K,   0% used [0x04200000, 0x04200000, 0x04c70000)
  from space 1280K,  41% used [0x04c70000, 0x04cf5778, 0x04db0000)
  to   space 1280K,   0% used [0x04db0000, 0x04db0000, 0x04ef0000)
 tenured generation   total 26328K, used 22372K [0x09750000, 0x0b106000, 0x14200000)
   the space 26328K,  84% used [0x09750000, 0x0ad290d0, 0x0ad29200, 0x0b106000)
 Metaspace       used 31926K, capacity 33520K, committed 33536K, reserved 34176K
}
Event: 6.919 GC heap before
{Heap before GC invocations=129 (full 3):
 def new generation   total 11968K, used 11221K [0x04200000, 0x04ef0000, 0x09750000)
  eden space 10688K, 100% used [0x04200000, 0x04c70000, 0x04c70000)
  from space 1280K,  41% used [0x04c70000, 0x04cf5778, 0x04db0000)
  to   space 1280K,   0% used [0x04db0000, 0x04db0000, 0x04ef0000)
 tenured generation   total 26328K, used 22372K [0x09750000, 0x0b106000, 0x14200000)
   the space 26328K,  84% used [0x09750000, 0x0ad290d0, 0x0ad29200, 0x0b106000)
 Metaspace       used 32034K, capacity 33646K, committed 33664K, reserved 34176K
Event: 6.923 GC heap after
Heap after GC invocations=130 (full 3):
 def new generation   total 11968K, used 1021K [0x04200000, 0x04ef0000, 0x09750000)
  eden space 10688K,   0% used [0x04200000, 0x04200000, 0x04c70000)
  from space 1280K,  79% used [0x04db0000, 0x04eaf588, 0x04ef0000)
  to   space 1280K,   0% used [0x04c70000, 0x04c70000, 0x04db0000)
 tenured generation   total 26328K, used 22372K [0x09750000, 0x0b106000, 0x14200000)
   the space 26328K,  84% used [0x09750000, 0x0ad290d0, 0x0ad29200, 0x0b106000)
 Metaspace       used 32034K, capacity 33646K, committed 33664K, reserved 34176K
}
Event: 6.990 GC heap before
{Heap before GC invocations=130 (full 3):
 def new generation   total 11968K, used 11709K [0x04200000, 0x04ef0000, 0x09750000)
  eden space 10688K, 100% used [0x04200000, 0x04c70000, 0x04c70000)
  from space 1280K,  79% used [0x04db0000, 0x04eaf588, 0x04ef0000)
  to   space 1280K,   0% used [0x04c70000, 0x04c70000, 0x04db0000)
 tenured generation   total 26328K, used 22372K [0x09750000, 0x0b106000, 0x14200000)
   the space 26328K,  84% used [0x09750000, 0x0ad290d0, 0x0ad29200, 0x0b106000)
 Metaspace       used 32287K, capacity 33913K, committed 33920K, reserved 34176K
Event: 6.995 GC heap after
Heap after GC invocations=131 (full 3):
 def new generation   total 11968K, used 1127K [0x04200000, 0x04ef0000, 0x09750000)
  eden space 10688K,   0% used [0x04200000, 0x04200000, 0x04c70000)
  from space 1280K,  88% used [0x04c70000, 0x04d89ee0, 0x04db0000)
  to   space 1280K,   0% used [0x04db0000, 0x04db0000, 0x04ef0000)
 tenured generation   total 26328K, used 22769K [0x09750000, 0x0b106000, 0x14200000)
   the space 26328K,  86% used [0x09750000, 0x0ad8c688, 0x0ad8c800, 0x0b106000)
 Metaspace       used 32287K, capacity 33913K, committed 33920K, reserved 34176K
}
Event: 7.063 GC heap before
{Heap before GC invocations=131 (full 3):
 def new generation   total 11968K, used 11815K [0x04200000, 0x04ef0000, 0x09750000)
  eden space 10688K, 100% used [0x04200000, 0x04c70000, 0x04c70000)
  from space 1280K,  88% used [0x04c70000, 0x04d89ee0, 0x04db0000)
  to   space 1280K,   0% used [0x04db0000, 0x04db0000, 0x04ef0000)
 tenured generation   total 26328K, used 22769K [0x09750000, 0x0b106000, 0x14200000)
   the space 26328K,  86% used [0x09750000, 0x0ad8c688, 0x0ad8c800, 0x0b106000)
 Metaspace       used 32527K, capacity 34189K, committed 34304K, reserved 35200K
Event: 7.069 GC heap after
Heap after GC invocations=132 (full 3):
 def new generation   total 11968K, used 755K [0x04200000, 0x04ef0000, 0x09750000)
  eden space 10688K,   0% used [0x04200000, 0x04200000, 0x04c70000)
  from space 1280K,  59% used [0x04db0000, 0x04e6cd58, 0x04ef0000)
  to   space 1280K,   0% used [0x04c70000, 0x04c70000, 0x04db0000)
 tenured generation   total 26328K, used 23534K [0x09750000, 0x0b106000, 0x14200000)
   the space 26328K,  89% used [0x09750000, 0x0ae4b960, 0x0ae4ba00, 0x0b106000)
 Metaspace       used 32527K, capacity 34189K, committed 34304K, reserved 35200K
}

